<?xml version="1.0" encoding="UTF-8"?>
<!-- 订单中心 覆盖率报告样例（Cobertura 格式，coverage.py 生成后手工调整演示值）
     对应 testdata/project/order-service/app.py；行覆盖 78.4%，分支覆盖 62.5% -->
<!DOCTYPE coverage SYSTEM "http://cobertura.sourceforge.net/xml/coverage-04.dtd">
<coverage line-rate="0.784" branch-rate="0.625" lines-covered="151" lines-valid="193"
          branches-covered="15" branches-valid="24" complexity="0" version="7.6"
          timestamp="1756500000">
  <sources>
    <source>/app</source>
  </sources>
  <packages>
    <package name="order_service" line-rate="0.784" branch-rate="0.625" complexity="0">
      <classes>
        <class name="app" filename="app.py" complexity="0" line-rate="0.784" branch-rate="0.625">
          <methods/>
          <lines>
            <!-- 应用启动与数据库 -->
            <line number="14" hits="1"/>
            <line number="15" hits="1"/>
            <line number="18" hits="1"/>
            <line number="22" hits="1"/>
            <line number="25" hits="1"/>
            <line number="28" hits="1"/>
            <line number="31" hits="1"/>
            <line number="32" hits="1"/>
            <line number="33" hits="1"/>
            <line number="34" hits="1"/>
            <line number="37" hits="1"/>
            <line number="38" hits="1"/>
            <line number="39" hits="1"/>
            <line number="42" hits="1"/>
            <line number="43" hits="1"/>
            <!-- 健康检查：全覆盖 -->
            <line number="65" hits="12"/>
            <line number="66" hits="12"/>
            <!-- 认证模块 -->
            <line number="73" hits="8"/>
            <line number="74" hits="7"/>
            <line number="75" hits="7"/>
            <line number="76" hits="6"/>
            <line number="77" hits="6"/>
            <line number="80" hits="6"/>
            <line number="81" hits="5"/>
            <line number="84" hits="5"/>
            <line number="85" hits="4"/>
            <line number="86" hits="4"/>
            <line number="87" hits="4"/>
            <line number="90" hits="4"/>
            <line number="91" hits="4"/>
            <line number="94" hits="2"/>
            <line number="95" hits="2"/>
            <line number="101" hits="6"/>
            <line number="102" hits="6"/>
            <line number="103" hits="5"/>
            <line number="104" hits="5"/>
            <line number="105" hits="2"/>
            <line number="106" hits="2"/>
            <line number="107" hits="2"/>
            <line number="110" hits="3"/>
            <line number="111" hits="3"/>
            <line number="114" hits="3"/>
            <line number="115" hits="3"/>
            <line number="116" hits="3"/>
            <!-- 商品模块 -->
            <line number="121" hits="9"/>
            <line number="122" hits="9"/>
            <line number="126" hits="5"/>
            <line number="127" hits="5"/>
            <line number="128" hits="5"/>
            <line number="131" hits="2"/>
            <line number="132" hits="2"/>
            <line number="136" hits="3"/>
            <line number="137" hits="3"/>
            <line number="138" hits="3"/>
            <line number="139" hits="2"/>
            <line number="142" hits="2"/>
            <line number="143" hits="2"/>
            <line number="144" hits="2"/>
            <line number="145" hits="2"/>
            <line number="146" hits="1"/>
            <line number="149" hits="1"/>
            <line number="150" hits="1"/>
            <line number="153" hits="1"/>
            <line number="154" hits="1"/>
            <!-- 订单模块（部分未覆盖 → 演示低覆盖区域） -->
            <line number="158" hits="6"/>
            <line number="159" hits="5"/>
            <line number="160" hits="5"/>
            <line number="161" hits="4"/>
            <line number="162" hits="4"/>
            <line number="164" hits="4"/>
            <line number="165" hits="4"/>
            <line number="166" hits="3"/>
            <line number="167" hits="3"/>
            <line number="168" hits="0"/>
            <line number="169" hits="0"/>
            <line number="171" hits="3"/>
            <line number="172" hits="3"/>
            <line number="173" hits="3"/>
            <line number="174" hits="3"/>
            <line number="175" hits="3"/>
            <line number="176" hits="3"/>
            <line number="177" hits="3"/>
            <line number="178" hits="3"/>
            <line number="179" hits="3"/>
            <line number="180" hits="3"/>
            <line number="184" hits="2"/>
            <line number="185" hits="2"/>
            <line number="186" hits="2"/>
            <line number="187" hits="2"/>
            <line number="188" hits="1"/>
            <line number="189" hits="1"/>
            <line number="192" hits="1"/>
            <line number="193" hits="1"/>
            <line number="194" hits="1"/>
            <line number="197" hits="2"/>
            <line number="198" hits="2"/>
            <line number="199" hits="2"/>
            <line number="200" hits="2"/>
            <line number="201" hits="1"/>
            <line number="204" hits="1"/>
            <line number="205" hits="1"/>
            <line number="206" hits="1"/>
            <line number="207" hits="0"/>
            <line number="208" hits="0"/>
            <line number="209" hits="0"/>
          </lines>
        </class>
      </classes>
    </package>
  </packages>
</coverage>
